<?xml version="1.0" encoding="UTF-8"?>
<!-- Generated by org.testng.reporters.JUnitReportReporter -->
<testsuite hostname="anjie-PC" name="com.selenium.muke.MukeLoginScript" tests="2" failures="0" timestamp="19 Feb 2019 06:55:01 GMT" time="21.157" errors="0">
  <testcase name="init" time="5.427" classname="com.selenium.muke.MukeLoginScript"/>
  <testcase name="goLogin" time="15.730" classname="com.selenium.muke.MukeLoginScript"/>
</testsuite> <!-- com.selenium.muke.MukeLoginScript -->
